<?xml version="1.0" encoding="UTF-8" ?>
<testsuite tests="3" failures="0" name="com.sekhar.test.service.impl.NumberToWordImplTest" time="0" errors="0" skipped="0">
  <properties>
[...]
</properties>
  <testcase classname="com.sekhar.test.service.impl.NumberToWordImplTest" name="testConvert1" time="0"/>
  <testcase classname="com.sekhar.test.service.impl.NumberToWordImplTest" name="testConvert2" time="0"/>
  <testcase classname="com.sekhar.test.service.impl.NumberToWordImplTest" name="testConvert" time="0"/>
</testsuite>